04/22 15:06:15.129 [http-nio-8081-exec-2/INFO] [WebSquareConfig.getStringValue] key[//wqDefiner/@value] value[] defaultValue[]
04/22 15:06:15.131 [http-nio-8081-exec-2/INFO] [WebSquareConfig.getStringValue] key[//upload/@support] value[] defaultValue[true]
04/22 15:06:15.132 [http-nio-8081-exec-2/INFO] [WebSquareConfig.getStringValue] key[/websquare/upload/maxUploadSize/@value] value[200000000] defaultValue[1048576]
04/22 15:06:15.136 [http-nio-8081-exec-2/INFO] [WebSquareConfig.getStringValue] key[//upload/encoding/@value] value[UTF-8] defaultValue[KSC5601]
04/22 15:06:15.137 [http-nio-8081-exec-2/INFO] [WebSquareConfig.getStringValue] key[//upload/baseDir/@value] value[C:\sbrt-web\workspace\SBRT-Web\src\main\resources\static\fileUpload] defaultValue[null]
04/22 15:06:15.137 [http-nio-8081-exec-2/INFO] [WebSquareConfig.getStringValue] key[//upload/folderName/@value] value[up] defaultValue[]
04/22 15:06:15.153 [http-nio-8081-exec-2/INFO] [WebSquareConfig.getStringValue] key[//priorPlugins/@value] value[] defaultValue[]
04/22 15:06:15.175 [http-nio-8081-exec-2/INFO] [WebSquareConfig.getStringValue] key[//engineType/@value] value[5] defaultValue[1]
04/22 15:06:15.559 [http-nio-8081-exec-2/INFO] [WebSquareConfig.getStringValue] key[//engineType/@baseFolder] value[] defaultValue[]
04/22 15:06:15.565 [http-nio-8081-exec-2/INFO] [WebSquareConfig.getStringValue] key[//engineType/@coverage] value[notsupport] defaultValue[notsupport]
04/22 15:06:15.566 [http-nio-8081-exec-2/SEVERE] LoadingModule [/bootloader][websquare.Bootloader][17782][5]
04/22 15:06:15.567 [http-nio-8081-exec-2/INFO] [WebSquareConfig.getStringValue] key[//engineType/@etag] value[support] defaultValue[support]
04/22 15:06:15.933 [http-nio-8081-exec-8/SEVERE] [FileValidator.initialize] ###################initialize FileValidator#####################
04/22 15:06:15.933 [http-nio-8081-exec-8/SEVERE] [FileValidator.initialize] FileValidator.pathInValidPattern     : [\w\W]*[.][\w\W]*|[\w\W]*[..][\w\W]*|[\w\W]*WEB-INF[\w\W]*
04/22 15:06:15.933 [http-nio-8081-exec-8/SEVERE] [FileValidator.initialize] FileValidator.fileNameInValidPattern : [\w\W]*[;][\w\W]*|[\w\W]*web.xml[\w\W]*
04/22 15:06:15.934 [http-nio-8081-exec-8/INFO] [WebSquareConfig.getStringValue] key[/websquare/i18n/xmlInfo/web2fileCacheImpl/@value] value[] defaultValue[websquare.i18n.impl.DefaultWeb2FileCacheImpl]
04/22 15:06:15.935 [http-nio-8081-exec-8/SEVERE] [Web2FileCache.initialize] ###################initialize Web2FileCache #####################
04/22 15:06:15.935 [http-nio-8081-exec-8/SEVERE] [Web2FileCache.initialize] web2fileCacheImpl  		: websquare.i18n.impl.DefaultWeb2FileCacheImpl
04/22 15:06:15.937 [http-nio-8081-exec-8/INFO] [WebSquareConfig.getStringValue] key[/websquare/i18n/xmlInfo/@baseDir] value[C:\sbrt-web\workspace\SBRT-Web\src\main\resources\static] defaultValue[]
04/22 15:06:15.937 [http-nio-8081-exec-8/INFO] [WebSquareConfig.getStringValue] key[/websquare/i18n/xmlInfo/@baseUrl] value[] defaultValue[url]
04/22 15:06:15.937 [http-nio-8081-exec-8/INFO] [WebSquareConfig.getStringValue] key[/websquare/i18n/xmlInfo/@cache] value[false] defaultValue[false]
04/22 15:06:15.937 [http-nio-8081-exec-8/INFO] [WebSquareConfig.getStringValue] key[/websquare/i18n/xmlInfo/@storageType] value[] defaultValue[0]
04/22 15:06:15.938 [http-nio-8081-exec-8/INFO] [WebSquareConfig.getStringValue] key[/websquare/i18n/xmlInfo/excludeList/@value] value[] defaultValue[]
04/22 15:06:15.938 [http-nio-8081-exec-8/SEVERE] [DefaultWeb2FileCacheImpl.initialize] ###################initialize DefaultWeb2FileCacheImpl #####################
04/22 15:06:15.938 [http-nio-8081-exec-8/SEVERE] [DefaultWeb2FileCacheImpl.initialize] baseDir            : C:\sbrt-web\workspace\SBRT-Web\src\main\resources\static
04/22 15:06:15.938 [http-nio-8081-exec-8/SEVERE] [DefaultWeb2FileCacheImpl.initialize] url  				: url
04/22 15:06:15.938 [http-nio-8081-exec-8/SEVERE] [DefaultWeb2FileCacheImpl.initialize] useCache        	: false
04/22 15:06:15.938 [http-nio-8081-exec-8/SEVERE] [DefaultWeb2FileCacheImpl.initialize] storageType  		: 0
04/22 15:06:15.939 [http-nio-8081-exec-8/INFO] [WebSquareConfig.getStringValue] key[/websquare/i18n/localeParam/@value] value[locale] defaultValue[locale]
04/22 15:06:15.940 [http-nio-8081-exec-8/INFO] [WebSquareConfig.getStringValue] key[/websquare/i18n/defaultLocale/domain[@name='localhost:8081']/@locale] value[] defaultValue[]
04/22 15:06:15.940 [http-nio-8081-exec-8/INFO] [WebSquareConfig.getStringValue] key[/websquare/i18n/defaultLocale/@value] value[ko] defaultValue[en]
04/22 15:06:15.940 [http-nio-8081-exec-8/INFO] [WebSquareConfig.getStringValue] key[/websquare/i18n/fileNameBase64Decode/@value] value[] defaultValue[]
